TN:
SF:src/components/Button/index.tsx
FN:10,(anonymous_0)
FNF:1
FNH:1
FNDA:1,(anonymous_0)
DA:10,1
DA:11,1
LF:2
LH:2
BRF:0
BRH:0
end_of_record
TN:
SF:src/components/Input/index.tsx
FN:28,(anonymous_0)
FN:40,(anonymous_1)
FN:44,(anonymous_2)
FN:50,(anonymous_3)
FN:51,(anonymous_4)
FN:56,(anonymous_5)
FN:61,(anonymous_6)
FN:65,(anonymous_7)
FN:87,(anonymous_8)
FNF:9
FNH:3
FNDA:2,(anonymous_0)
FNDA:0,(anonymous_1)
FNDA:0,(anonymous_2)
FNDA:1,(anonymous_3)
FNDA:0,(anonymous_4)
FNDA:2,(anonymous_5)
FNDA:0,(anonymous_6)
FNDA:0,(anonymous_7)
FNDA:0,(anonymous_8)
DA:28,1
DA:32,2
DA:34,2
DA:35,2
DA:37,2
DA:38,2
DA:40,2
DA:41,0
DA:44,2
DA:45,0
DA:47,0
DA:50,2
DA:52,0
DA:56,2
DA:57,2
DA:62,0
DA:63,0
DA:66,0
DA:67,0
DA:72,2
DA:88,0
LF:21
LH:12
BRDA:29,0,0,2
BRDA:34,1,0,2
BRDA:77,2,0,0
BRDA:77,2,1,2
BRDA:77,3,0,2
BRDA:77,3,1,2
BRF:6
BRH:5
end_of_record
TN:
SF:src/hooks/Auth.tsx
FN:39,(anonymous_0)
FN:43,(anonymous_1)
FN:44,loadStorageData
FN:61,(anonymous_3)
FN:79,(anonymous_4)
FN:86,(anonymous_5)
FN:106,useAuth
FNF:7
FNH:1
FNDA:0,(anonymous_0)
FNDA:0,(anonymous_1)
FNDA:0,loadStorageData
FNDA:0,(anonymous_3)
FNDA:0,(anonymous_4)
FNDA:0,(anonymous_5)
FNDA:1,useAuth
DA:37,1
DA:39,1
DA:40,0
DA:41,0
DA:43,0
DA:45,0
DA:50,0
DA:51,0
DA:53,0
DA:56,0
DA:58,0
DA:61,0
DA:62,0
DA:67,0
DA:69,0
DA:74,0
DA:76,0
DA:79,0
DA:80,0
DA:82,0
DA:85,0
DA:87,0
DA:89,0
DA:97,0
DA:107,1
DA:109,1
DA:110,0
DA:112,1
LF:28
LH:5
BRDA:50,0,0,0
BRDA:50,0,1,0
BRDA:50,1,0,0
BRDA:50,1,1,0
BRDA:109,2,0,0
BRDA:109,2,1,1
BRF:6
BRH:1
end_of_record
TN:
SF:src/pages/AppointmentCreated/index.tsx
FN:18,(anonymous_0)
FN:24,(anonymous_1)
FN:28,(anonymous_2)
FNF:3
FNH:0
FNDA:0,(anonymous_0)
FNDA:0,(anonymous_1)
FNDA:0,(anonymous_2)
DA:18,0
DA:19,0
DA:20,0
DA:22,0
DA:24,0
DA:25,0
DA:28,0
DA:29,0
DA:39,0
LF:9
LH:0
BRF:0
BRH:0
end_of_record
TN:
SF:src/pages/CreateAppointment/index.tsx
FN:52,(anonymous_0)
FN:69,(anonymous_1)
FN:70,(anonymous_2)
FN:75,(anonymous_3)
FN:84,(anonymous_4)
FN:89,(anonymous_5)
FN:93,(anonymous_6)
FN:97,(anonymous_7)
FN:98,(anonymous_8)
FN:102,(anonymous_9)
FN:114,(anonymous_10)
FN:118,(anonymous_11)
FN:138,(anonymous_12)
FN:140,(anonymous_13)
FN:141,(anonymous_14)
FN:150,(anonymous_15)
FN:152,(anonymous_16)
FN:153,(anonymous_17)
FN:180,(anonymous_18)
FN:181,(anonymous_19)
FN:183,(anonymous_20)
FN:218,(anonymous_21)
FN:224,(anonymous_22)
FN:238,(anonymous_23)
FN:244,(anonymous_24)
FNF:25
FNH:0
FNDA:0,(anonymous_0)
FNDA:0,(anonymous_1)
FNDA:0,(anonymous_2)
FNDA:0,(anonymous_3)
FNDA:0,(anonymous_4)
FNDA:0,(anonymous_5)
FNDA:0,(anonymous_6)
FNDA:0,(anonymous_7)
FNDA:0,(anonymous_8)
FNDA:0,(anonymous_9)
FNDA:0,(anonymous_10)
FNDA:0,(anonymous_11)
FNDA:0,(anonymous_12)
FNDA:0,(anonymous_13)
FNDA:0,(anonymous_14)
FNDA:0,(anonymous_15)
FNDA:0,(anonymous_16)
FNDA:0,(anonymous_17)
FNDA:0,(anonymous_18)
FNDA:0,(anonymous_19)
FNDA:0,(anonymous_20)
FNDA:0,(anonymous_21)
FNDA:0,(anonymous_22)
FNDA:0,(anonymous_23)
FNDA:0,(anonymous_24)
DA:52,0
DA:53,0
DA:54,0
DA:55,0
DA:57,0
DA:58,0
DA:59,0
DA:60,0
DA:61,0
DA:63,0
DA:67,0
DA:69,0
DA:70,0
DA:71,0
DA:75,0
DA:76,0
DA:85,0
DA:89,0
DA:90,0
DA:93,0
DA:94,0
DA:97,0
DA:98,0
DA:101,0
DA:103,0
DA:104,0
DA:107,0
DA:108,0
DA:114,0
DA:115,0
DA:118,0
DA:119,0
DA:120,0
DA:121,0
DA:122,0
DA:124,0
DA:129,0
DA:131,0
DA:138,0
DA:139,0
DA:140,0
DA:142,0
DA:150,0
DA:151,0
DA:152,0
DA:154,0
DA:162,0
DA:180,0
DA:182,0
DA:183,0
DA:219,0
DA:224,0
DA:239,0
DA:244,0
LF:54
LH:0
BRDA:103,0,0,0
BRDA:103,0,1,0
BRDA:107,1,0,0
BRDA:107,1,1,0
BRDA:203,2,0,0
BRDA:203,2,1,0
BRF:6
BRH:0
end_of_record
TN:
SF:src/pages/Dashboard/index.tsx
FN:31,(anonymous_0)
FN:37,(anonymous_1)
FN:38,(anonymous_2)
FN:43,(anonymous_3)
FN:48,(anonymous_4)
FN:72,(anonymous_5)
FN:74,(anonymous_6)
FNF:7
FNH:0
FNDA:0,(anonymous_0)
FNDA:0,(anonymous_1)
FNDA:0,(anonymous_2)
FNDA:0,(anonymous_3)
FNDA:0,(anonymous_4)
FNDA:0,(anonymous_5)
FNDA:0,(anonymous_6)
DA:31,0
DA:32,0
DA:33,0
DA:35,0
DA:37,0
DA:38,0
DA:39,0
DA:43,0
DA:44,0
DA:47,0
DA:49,0
DA:54,0
DA:73,0
DA:74,0
LF:14
LH:0
BRF:0
BRH:0
end_of_record
TN:
SF:src/pages/Profile/index.tsx
FN:40,(anonymous_0)
FN:51,(anonymous_1)
FN:60,(anonymous_2)
FN:68,(anonymous_3)
FN:123,(anonymous_4)
FN:127,(anonymous_5)
FN:135,(anonymous_6)
FN:153,(anonymous_7)
FN:194,(anonymous_8)
FN:207,(anonymous_9)
FN:220,(anonymous_10)
FN:233,(anonymous_11)
FN:246,(anonymous_12)
FN:250,(anonymous_13)
FNF:14
FNH:0
FNDA:0,(anonymous_0)
FNDA:0,(anonymous_1)
FNDA:0,(anonymous_2)
FNDA:0,(anonymous_3)
FNDA:0,(anonymous_4)
FNDA:0,(anonymous_5)
FNDA:0,(anonymous_6)
FNDA:0,(anonymous_7)
FNDA:0,(anonymous_8)
FNDA:0,(anonymous_9)
FNDA:0,(anonymous_10)
FNDA:0,(anonymous_11)
FNDA:0,(anonymous_12)
FNDA:0,(anonymous_13)
DA:40,0
DA:41,0
DA:42,0
DA:43,0
DA:45,0
DA:46,0
DA:47,0
DA:48,0
DA:50,0
DA:52,0
DA:53,0
DA:55,0
DA:60,0
DA:68,0
DA:75,0
DA:85,0
DA:87,0
DA:99,0
DA:101,0
DA:103,0
DA:105,0
DA:107,0
DA:108,0
DA:110,0
DA:112,0
DA:114,0
DA:123,0
DA:124,0
DA:127,0
DA:128,0
DA:136,0
DA:137,0
DA:140,0
DA:141,0
DA:142,0
DA:145,0
DA:147,0
DA:153,0
DA:154,0
DA:160,0
DA:195,0
DA:208,0
DA:221,0
DA:234,0
DA:246,0
DA:250,0
LF:46
LH:0
BRDA:90,0,0,0
BRDA:90,0,1,0
BRDA:107,1,0,0
BRDA:107,1,1,0
BRDA:136,2,0,0
BRDA:136,2,1,0
BRDA:140,3,0,0
BRDA:140,3,1,0
BRDA:164,4,0,0
BRDA:164,4,1,0
BRF:10
BRH:0
end_of_record
TN:
SF:src/pages/SignIn/index.tsx
FN:39,(anonymous_0)
FN:47,(anonymous_1)
FN:109,(anonymous_2)
FN:121,(anonymous_3)
FN:127,(anonymous_4)
FN:135,(anonymous_5)
FN:145,(anonymous_6)
FNF:7
FNH:1
FNDA:1,(anonymous_0)
FNDA:0,(anonymous_1)
FNDA:0,(anonymous_2)
FNDA:0,(anonymous_3)
FNDA:0,(anonymous_4)
FNDA:0,(anonymous_5)
FNDA:0,(anonymous_6)
DA:39,1
DA:40,1
DA:41,1
DA:42,1
DA:44,1
DA:46,1
DA:48,0
DA:49,0
DA:51,0
DA:56,0
DA:60,0
DA:65,0
DA:66,0
DA:68,0
DA:70,0
DA:73,0
DA:82,1
DA:110,0
DA:122,0
DA:128,0
DA:136,0
DA:145,0
LF:22
LH:7
BRDA:65,0,0,0
BRDA:65,0,1,0
BRDA:86,1,0,1
BRDA:86,1,1,0
BRF:4
BRH:1
end_of_record
TN:
SF:src/pages/SignUp/index.tsx
FN:32,(anonymous_0)
FN:40,(anonymous_1)
FN:105,(anonymous_2)
FN:118,(anonymous_3)
FN:130,(anonymous_4)
FN:134,(anonymous_5)
FN:141,(anonymous_6)
FNF:7
FNH:0
FNDA:0,(anonymous_0)
FNDA:0,(anonymous_1)
FNDA:0,(anonymous_2)
FNDA:0,(anonymous_3)
FNDA:0,(anonymous_4)
FNDA:0,(anonymous_5)
FNDA:0,(anonymous_6)
DA:32,0
DA:33,0
DA:34,0
DA:36,0
DA:37,0
DA:39,0
DA:41,0
DA:42,0
DA:44,0
DA:52,0
DA:56,0
DA:58,0
DA:63,0
DA:65,0
DA:66,0
DA:68,0
DA:70,0
DA:72,0
DA:81,0
DA:106,0
DA:119,0
DA:130,0
DA:134,0
DA:141,0
LF:24
LH:0
BRDA:65,0,0,0
BRDA:65,0,1,0
BRDA:85,1,0,0
BRDA:85,1,1,0
BRF:4
BRH:0
end_of_record
